<?xml version="1.0" encoding="UTF-8"?>
<testsuites>
  <testsuite name="Testing" tests="0" assertions="0" failures="0" errors="0" time="0.000000">
    <testsuite name="SiteTest" file="/vagrant/yii/yiiApp/protected/tests/functional/SiteTest.php" tests="0" assertions="0" failures="0" errors="0" time="0.000000">
      <testsuite name="SiteTest: Firefox on localhost" tests="0" assertions="0" failures="0" errors="0" time="0.000000"/>
    </testsuite>
  </testsuite>
</testsuites>
